<?xml version="1.0" encoding="UTF-8"?>
<!-- Generated by org.testng.reporters.JUnitReportReporter -->
<testsuite hostname="P3BLAP-024948M" failures="0" tests="1" name="Project.MavenProject.ExplicitWait" time="28.612" errors="0" timestamp="2025-01-23T11:44:25 IST" skipped="0">
  <testcase classname="Project.MavenProject.ExplicitWait" name="launch" time="28.612"/>
  <system-out/>
</testsuite> <!-- Project.MavenProject.ExplicitWait -->
