<?xml version="1.0" encoding="UTF-8"?>
<!-- Generated by org.testng.reporters.JUnitReportReporter -->
<testsuite hostname="P3BLAP-024948M" failures="0" tests="1" name="Project.MavenProject.ImplicitWait" time="31.508" errors="0" timestamp="2025-01-23T11:35:17 IST" skipped="0">
  <testcase classname="Project.MavenProject.ImplicitWait" name="launch" time="31.508"/>
  <system-out/>
</testsuite> <!-- Project.MavenProject.ImplicitWait -->
