<?xml version="1.0" encoding="UTF-8"?>
<!-- Generated by org.testng.reporters.JUnitReportReporter -->
<testsuite hostname="P3BLAP-024948M" failures="0" tests="1" name="testcase.TestCase1" time="66.433" errors="0" timestamp="2025-01-25T18:59:26 IST" skipped="0">
  <testcase classname="testcase.TestCase1" name="login_to_Amazon" time="66.433"/>
  <system-out/>
</testsuite> <!-- testcase.TestCase1 -->
