<?xml version="1.0" encoding="UTF-8"?>
<!-- Generated by org.testng.reporters.JUnitReportReporter -->
<testsuite hostname="P3BLAP-024948M" failures="0" tests="1" name="Project.MavenProject.Launch" time="33.850" errors="0" timestamp="2025-01-22T18:03:21 IST" skipped="0">
  <testcase classname="Project.MavenProject.Launch" name="launchAmazon" time="33.850"/>
  <system-out/>
</testsuite> <!-- Project.MavenProject.Launch -->
