<?xml version="1.0" encoding="UTF-8"?>
<!-- Generated by org.testng.reporters.JUnitReportReporter -->
<testsuite hostname="P3BLAP-024948M" failures="0" tests="1" name="testcase.TestCase1" time="23.001" errors="0" timestamp="2025-02-05T14:01:12 IST" skipped="0">
  <testcase classname="testcase.TestCase1" name="login_to_Amazon" time="23.001"/>
</testsuite> <!-- testcase.TestCase1 -->
